# JRE version: Java(TM) SE Runtime Environment (8.0_201-b09) (build 1.8.0_201-b09)
# Java VM: Java HotSpot(TM) 64-Bit Server VM (25.201-b09 mixed mode windows-amd64 compressed oops)
Heap:
 PSYoungGen      total 18944K, used 3981K [0x00000000eb400000, 0x00000000ec900000, 0x0000000100000000)
  eden space 16384K, 23% used [0x00000000eb400000,0x00000000eb7b3440,0x00000000ec400000)
  from space 2560K, 7% used [0x00000000ec680000,0x00000000ec6b0000,0x00000000ec900000)
  to   space 2560K, 0% used [0x00000000ec400000,0x00000000ec400000,0x00000000ec680000)
 ParOldGen       total 44032K, used 10876K [0x00000000c1c00000, 0x00000000c4700000, 0x00000000eb400000)
  object space 44032K, 24% used [0x00000000c1c00000,0x00000000c269f268,0x00000000c4700000)
 Metaspace       used 8468K, capacity 8714K, committed 8832K, reserved 1056768K
  class space    used 1014K, capacity 1093K, committed 1152K, reserved 1048576K
GC Heap History (8 events):
Event: 313.859 GC heap before
{Heap before GC invocations=1 (full 0):
 PSYoungGen      total 18944K, used 16384K [0x00000000eb400000, 0x00000000ec900000, 0x0000000100000000)
  eden space 16384K, 100% used [0x00000000eb400000,0x00000000ec400000,0x00000000ec400000)
  from space 2560K, 0% used [0x00000000ec680000,0x00000000ec680000,0x00000000ec900000)
  to   space 2560K, 0% used [0x00000000ec400000,0x00000000ec400000,0x00000000ec680000)
 ParOldGen       total 44032K, used 0K [0x00000000c1c00000, 0x00000000c4700000, 0x00000000eb400000)
  object space 44032K, 0% used [0x00000000c1c00000,0x00000000c1c00000,0x00000000c4700000)
 Metaspace       used 8461K, capacity 8650K, committed 8832K, reserved 1056768K
  class space    used 1014K, capacity 1093K, committed 1152K, reserved 1048576K
Event: 313.867 GC heap after
Heap after GC invocations=1 (full 0):
 PSYoungGen      total 18944K, used 2552K [0x00000000eb400000, 0x00000000ec900000, 0x0000000100000000)
  eden space 16384K, 0% used [0x00000000eb400000,0x00000000eb400000,0x00000000ec400000)
  from space 2560K, 99% used [0x00000000ec400000,0x00000000ec67e3b8,0x00000000ec680000)
  to   space 2560K, 0% used [0x00000000ec680000,0x00000000ec680000,0x00000000ec900000)
 ParOldGen       total 44032K, used 1140K [0x00000000c1c00000, 0x00000000c4700000, 0x00000000eb400000)
  object space 44032K, 2% used [0x00000000c1c00000,0x00000000c1d1d060,0x00000000c4700000)
 Metaspace       used 8461K, capacity 8650K, committed 8832K, reserved 1056768K
  class space    used 1014K, capacity 1093K, committed 1152K, reserved 1048576K
}
Event: 889.806 GC heap before
{Heap before GC invocations=2 (full 0):
 PSYoungGen      total 18944K, used 18936K [0x00000000eb400000, 0x00000000ec900000, 0x0000000100000000)
  eden space 16384K, 100% used [0x00000000eb400000,0x00000000ec400000,0x00000000ec400000)
  from space 2560K, 99% used [0x00000000ec400000,0x00000000ec67e3b8,0x00000000ec680000)
  to   space 2560K, 0% used [0x00000000ec680000,0x00000000ec680000,0x00000000ec900000)
 ParOldGen       total 44032K, used 1140K [0x00000000c1c00000, 0x00000000c4700000, 0x00000000eb400000)
  object space 44032K, 2% used [0x00000000c1c00000,0x00000000c1d1d060,0x00000000c4700000)
 Metaspace       used 8461K, capacity 8650K, committed 8832K, reserved 1056768K
  class space    used 1014K, capacity 1093K, committed 1152K, reserved 1048576K
Event: 889.820 GC heap after
Heap after GC invocations=2 (full 0):
 PSYoungGen      total 18944K, used 2552K [0x00000000eb400000, 0x00000000ec900000, 0x0000000100000000)
  eden space 16384K, 0% used [0x00000000eb400000,0x00000000eb400000,0x00000000ec400000)
  from space 2560K, 99% used [0x00000000ec680000,0x00000000ec8fe3b8,0x00000000ec900000)
  to   space 2560K, 0% used [0x00000000ec400000,0x00000000ec400000,0x00000000ec680000)
 ParOldGen       total 44032K, used 3601K [0x00000000c1c00000, 0x00000000c4700000, 0x00000000eb400000)
  object space 44032K, 8% used [0x00000000c1c00000,0x00000000c1f84740,0x00000000c4700000)
 Metaspace       used 8461K, capacity 8650K, committed 8832K, reserved 1056768K
  class space    used 1014K, capacity 1093K, committed 1152K, reserved 1048576K
}
Event: 1462.036 GC heap before
{Heap before GC invocations=3 (full 0):
 PSYoungGen      total 18944K, used 18936K [0x00000000eb400000, 0x00000000ec900000, 0x0000000100000000)
  eden space 16384K, 100% used [0x00000000eb400000,0x00000000ec400000,0x00000000ec400000)
  from space 2560K, 99% used [0x00000000ec680000,0x00000000ec8fe3b8,0x00000000ec900000)
  to   space 2560K, 0% used [0x00000000ec400000,0x00000000ec400000,0x00000000ec680000)
 ParOldGen       total 44032K, used 3601K [0x00000000c1c00000, 0x00000000c4700000, 0x00000000eb400000)
  object space 44032K, 8% used [0x00000000c1c00000,0x00000000c1f84740,0x00000000c4700000)
 Metaspace       used 8468K, capacity 8714K, committed 8832K, reserved 1056768K
  class space    used 1014K, capacity 1093K, committed 1152K, reserved 1048576K
Event: 1462.057 GC heap after
Heap after GC invocations=3 (full 0):
 PSYoungGen      total 18944K, used 160K [0x00000000eb400000, 0x00000000ec900000, 0x0000000100000000)
  eden space 16384K, 0% used [0x00000000eb400000,0x00000000eb400000,0x00000000ec400000)
  from space 2560K, 6% used [0x00000000ec400000,0x00000000ec428000,0x00000000ec680000)
  to   space 2560K, 0% used [0x00000000ec680000,0x00000000ec680000,0x00000000ec900000)
 ParOldGen       total 44032K, used 10876K [0x00000000c1c00000, 0x00000000c4700000, 0x00000000eb400000)
  object space 44032K, 24% used [0x00000000c1c00000,0x00000000c269f268,0x00000000c4700000)
 Metaspace       used 8468K, capacity 8714K, committed 8832K, reserved 1056768K
  class space    used 1014K, capacity 1093K, committed 1152K, reserved 1048576K
}
Event: 59783.763 GC heap before
{Heap before GC invocations=4 (full 0):
 PSYoungGen      total 18944K, used 16544K [0x00000000eb400000, 0x00000000ec900000, 0x0000000100000000)
  eden space 16384K, 100% used [0x00000000eb400000,0x00000000ec400000,0x00000000ec400000)
  from space 2560K, 6% used [0x00000000ec400000,0x00000000ec428000,0x00000000ec680000)
  to   space 2560K, 0% used [0x00000000ec680000,0x00000000ec680000,0x00000000ec900000)
 ParOldGen       total 44032K, used 10876K [0x00000000c1c00000, 0x00000000c4700000, 0x00000000eb400000)
  object space 44032K, 24% used [0x00000000c1c00000,0x00000000c269f268,0x00000000c4700000)
 Metaspace       used 8468K, capacity 8714K, committed 8832K, reserved 1056768K
  class space    used 1014K, capacity 1093K, committed 1152K, reserved 1048576K
Event: 59783.767 GC heap after
Heap after GC invocations=4 (full 0):
 PSYoungGen      total 18944K, used 192K [0x00000000eb400000, 0x00000000ec900000, 0x0000000100000000)
  eden space 16384K, 0% used [0x00000000eb400000,0x00000000eb400000,0x00000000ec400000)
  from space 2560K, 7% used [0x00000000ec680000,0x00000000ec6b0000,0x00000000ec900000)
  to   space 2560K, 0% used [0x00000000ec400000,0x00000000ec400000,0x00000000ec680000)
 ParOldGen       total 44032K, used 10876K [0x00000000c1c00000, 0x00000000c4700000, 0x00000000eb400000)
  object space 44032K, 24% used [0x00000000c1c00000,0x00000000c269f268,0x00000000c4700000)
 Metaspace       used 8468K, capacity 8714K, committed 8832K, reserved 1056768K
  class space    used 1014K, capacity 1093K, committed 1152K, reserved 1048576K
}

