# JRE version: Java(TM) SE Runtime Environment (8.0_201-b09) (build 1.8.0_201-b09)
# Java VM: Java HotSpot(TM) 64-Bit Server VM (25.201-b09 mixed mode windows-amd64 compressed oops)
Heap:
 PSYoungGen      total 18944K, used 5390K [0x00000000eb400000, 0x00000000ec900000, 0x0000000100000000)
  eden space 16384K, 31% used [0x00000000eb400000,0x00000000eb91baa8,0x00000000ec400000)
  from space 2560K, 6% used [0x00000000ec680000,0x00000000ec6a8000,0x00000000ec900000)
  to   space 2560K, 0% used [0x00000000ec400000,0x00000000ec400000,0x00000000ec680000)
 ParOldGen       total 44032K, used 13297K [0x00000000c1c00000, 0x00000000c4700000, 0x00000000eb400000)
  object space 44032K, 30% used [0x00000000c1c00000,0x00000000c28fc610,0x00000000c4700000)
 Metaspace       used 8497K, capacity 8726K, committed 8832K, reserved 1056768K
  class space    used 1015K, capacity 1093K, committed 1152K, reserved 1048576K
GC Heap History (8 events):
Event: 302.939 GC heap before
{Heap before GC invocations=1 (full 0):
 PSYoungGen      total 18944K, used 16384K [0x00000000eb400000, 0x00000000ec900000, 0x0000000100000000)
  eden space 16384K, 100% used [0x00000000eb400000,0x00000000ec400000,0x00000000ec400000)
  from space 2560K, 0% used [0x00000000ec680000,0x00000000ec680000,0x00000000ec900000)
  to   space 2560K, 0% used [0x00000000ec400000,0x00000000ec400000,0x00000000ec680000)
 ParOldGen       total 44032K, used 0K [0x00000000c1c00000, 0x00000000c4700000, 0x00000000eb400000)
  object space 44032K, 0% used [0x00000000c1c00000,0x00000000c1c00000,0x00000000c4700000)
 Metaspace       used 8489K, capacity 8726K, committed 8832K, reserved 1056768K
  class space    used 1015K, capacity 1093K, committed 1152K, reserved 1048576K
Event: 302.943 GC heap after
Heap after GC invocations=1 (full 0):
 PSYoungGen      total 18944K, used 2552K [0x00000000eb400000, 0x00000000ec900000, 0x0000000100000000)
  eden space 16384K, 0% used [0x00000000eb400000,0x00000000eb400000,0x00000000ec400000)
  from space 2560K, 99% used [0x00000000ec400000,0x00000000ec67e3b8,0x00000000ec680000)
  to   space 2560K, 0% used [0x00000000ec680000,0x00000000ec680000,0x00000000ec900000)
 ParOldGen       total 44032K, used 1140K [0x00000000c1c00000, 0x00000000c4700000, 0x00000000eb400000)
  object space 44032K, 2% used [0x00000000c1c00000,0x00000000c1d1d378,0x00000000c4700000)
 Metaspace       used 8489K, capacity 8726K, committed 8832K, reserved 1056768K
  class space    used 1015K, capacity 1093K, committed 1152K, reserved 1048576K
}
Event: 877.859 GC heap before
{Heap before GC invocations=2 (full 0):
 PSYoungGen      total 18944K, used 18936K [0x00000000eb400000, 0x00000000ec900000, 0x0000000100000000)
  eden space 16384K, 100% used [0x00000000eb400000,0x00000000ec400000,0x00000000ec400000)
  from space 2560K, 99% used [0x00000000ec400000,0x00000000ec67e3b8,0x00000000ec680000)
  to   space 2560K, 0% used [0x00000000ec680000,0x00000000ec680000,0x00000000ec900000)
 ParOldGen       total 44032K, used 1140K [0x00000000c1c00000, 0x00000000c4700000, 0x00000000eb400000)
  object space 44032K, 2% used [0x00000000c1c00000,0x00000000c1d1d378,0x00000000c4700000)
 Metaspace       used 8489K, capacity 8726K, committed 8832K, reserved 1056768K
  class space    used 1015K, capacity 1093K, committed 1152K, reserved 1048576K
Event: 877.864 GC heap after
Heap after GC invocations=2 (full 0):
 PSYoungGen      total 18944K, used 2552K [0x00000000eb400000, 0x00000000ec900000, 0x0000000100000000)
  eden space 16384K, 0% used [0x00000000eb400000,0x00000000eb400000,0x00000000ec400000)
  from space 2560K, 99% used [0x00000000ec680000,0x00000000ec8fe3b8,0x00000000ec900000)
  to   space 2560K, 0% used [0x00000000ec400000,0x00000000ec400000,0x00000000ec680000)
 ParOldGen       total 44032K, used 6022K [0x00000000c1c00000, 0x00000000c4700000, 0x00000000eb400000)
  object space 44032K, 13% used [0x00000000c1c00000,0x00000000c21e1ae8,0x00000000c4700000)
 Metaspace       used 8489K, capacity 8726K, committed 8832K, reserved 1056768K
  class space    used 1015K, capacity 1093K, committed 1152K, reserved 1048576K
}
Event: 1451.627 GC heap before
{Heap before GC invocations=3 (full 0):
 PSYoungGen      total 18944K, used 18936K [0x00000000eb400000, 0x00000000ec900000, 0x0000000100000000)
  eden space 16384K, 100% used [0x00000000eb400000,0x00000000ec400000,0x00000000ec400000)
  from space 2560K, 99% used [0x00000000ec680000,0x00000000ec8fe3b8,0x00000000ec900000)
  to   space 2560K, 0% used [0x00000000ec400000,0x00000000ec400000,0x00000000ec680000)
 ParOldGen       total 44032K, used 6022K [0x00000000c1c00000, 0x00000000c4700000, 0x00000000eb400000)
  object space 44032K, 13% used [0x00000000c1c00000,0x00000000c21e1ae8,0x00000000c4700000)
 Metaspace       used 8497K, capacity 8726K, committed 8832K, reserved 1056768K
  class space    used 1015K, capacity 1093K, committed 1152K, reserved 1048576K
Event: 1451.641 GC heap after
Heap after GC invocations=3 (full 0):
 PSYoungGen      total 18944K, used 192K [0x00000000eb400000, 0x00000000ec900000, 0x0000000100000000)
  eden space 16384K, 0% used [0x00000000eb400000,0x00000000eb400000,0x00000000ec400000)
  from space 2560K, 7% used [0x00000000ec400000,0x00000000ec430000,0x00000000ec680000)
  to   space 2560K, 0% used [0x00000000ec680000,0x00000000ec680000,0x00000000ec900000)
 ParOldGen       total 44032K, used 13297K [0x00000000c1c00000, 0x00000000c4700000, 0x00000000eb400000)
  object space 44032K, 30% used [0x00000000c1c00000,0x00000000c28fc610,0x00000000c4700000)
 Metaspace       used 8497K, capacity 8726K, committed 8832K, reserved 1056768K
  class space    used 1015K, capacity 1093K, committed 1152K, reserved 1048576K
}
Event: 59772.641 GC heap before
{Heap before GC invocations=4 (full 0):
 PSYoungGen      total 18944K, used 16576K [0x00000000eb400000, 0x00000000ec900000, 0x0000000100000000)
  eden space 16384K, 100% used [0x00000000eb400000,0x00000000ec400000,0x00000000ec400000)
  from space 2560K, 7% used [0x00000000ec400000,0x00000000ec430000,0x00000000ec680000)
  to   space 2560K, 0% used [0x00000000ec680000,0x00000000ec680000,0x00000000ec900000)
 ParOldGen       total 44032K, used 13297K [0x00000000c1c00000, 0x00000000c4700000, 0x00000000eb400000)
  object space 44032K, 30% used [0x00000000c1c00000,0x00000000c28fc610,0x00000000c4700000)
 Metaspace       used 8497K, capacity 8726K, committed 8832K, reserved 1056768K
  class space    used 1015K, capacity 1093K, committed 1152K, reserved 1048576K
Event: 59772.646 GC heap after
Heap after GC invocations=4 (full 0):
 PSYoungGen      total 18944K, used 160K [0x00000000eb400000, 0x00000000ec900000, 0x0000000100000000)
  eden space 16384K, 0% used [0x00000000eb400000,0x00000000eb400000,0x00000000ec400000)
  from space 2560K, 6% used [0x00000000ec680000,0x00000000ec6a8000,0x00000000ec900000)
  to   space 2560K, 0% used [0x00000000ec400000,0x00000000ec400000,0x00000000ec680000)
 ParOldGen       total 44032K, used 13297K [0x00000000c1c00000, 0x00000000c4700000, 0x00000000eb400000)
  object space 44032K, 30% used [0x00000000c1c00000,0x00000000c28fc610,0x00000000c4700000)
 Metaspace       used 8497K, capacity 8726K, committed 8832K, reserved 1056768K
  class space    used 1015K, capacity 1093K, committed 1152K, reserved 1048576K
}

